# JRE version: OpenJDK Runtime Environment GraalVM CE 22.3.0 (17.0.5+8) (build 17.0.5+8-jvmci-22.3-b08)
# Java VM: OpenJDK 64-Bit Server VM GraalVM CE 22.3.0 (17.0.5+8-jvmci-22.3-b08, mixed mode, sharing, tiered, jvmci, jvmci compiler, compressed oops, compressed class ptrs, parallel gc, linux-amd64)
GC Precious Log:
 CPUs: 8 total, 1 available
 Memory: 1024M
 Large Page Support: Disabled
 NUMA Support: Disabled
 Compressed Oops: Enabled (32-bit)
 Alignments: Space 512K, Generation 512K, Heap 2M
 Heap Min Capacity: 100M
 Heap Initial Capacity: 100M
 Heap Max Capacity: 512M
 Pre-touch: Disabled
 Parallel Workers: 1
Heap:
 PSYoungGen      total 31744K, used 20999K [0x00000000f5580000, 0x00000000f8700000, 0x0000000100000000)
  eden space 13824K, 99% used [0x00000000f5580000,0x00000000f62ffff0,0x00000000f6300000)
  from space 17920K, 40% used [0x00000000f6300000,0x00000000f6a01dd0,0x00000000f7480000)
  to   space 17920K, 0% used [0x00000000f7580000,0x00000000f7580000,0x00000000f8700000)
 ParOldGen       total 349696K, used 349695K [0x00000000e0000000, 0x00000000f5580000, 0x00000000f5580000)
  object space 349696K, 99% used [0x00000000e0000000,0x00000000f557fff0,0x00000000f5580000)
 Metaspace       used 53934K, committed 54720K, reserved 1105920K
  class space    used 5048K, committed 5376K, reserved 1048576K
GC Heap History (20 events):
Event: 539.907 GC heap before
{Heap before GC invocations=438 (full 319):
 PSYoungGen      total 31744K, used 20999K [0x00000000f5580000, 0x00000000f8700000, 0x0000000100000000)
  eden space 13824K, 99% used [0x00000000f5580000,0x00000000f62ffff0,0x00000000f6300000)
  from space 17920K, 40% used [0x00000000f6300000,0x00000000f6a01dd0,0x00000000f7480000)
  to   space 17920K, 0% used [0x00000000f7580000,0x00000000f7580000,0x00000000f8700000)
 ParOldGen       total 349696K, used 349695K [0x00000000e0000000, 0x00000000f5580000, 0x00000000f5580000)
  object space 349696K, 99% used [0x00000000e0000000,0x00000000f557fff0,0x00000000f5580000)
 Metaspace       used 53934K, committed 54720K, reserved 1105920K
  class space    used 5048K, committed 5376K, reserved 1048576K
}
Event: 541.214 GC heap after
{Heap after GC invocations=438 (full 319):
 PSYoungGen      total 31744K, used 20999K [0x00000000f5580000, 0x00000000f8700000, 0x0000000100000000)
  eden space 13824K, 99% used [0x00000000f5580000,0x00000000f62fffb8,0x00000000f6300000)
  from space 17920K, 40% used [0x00000000f6300000,0x00000000f6a01dd0,0x00000000f7480000)
  to   space 17920K, 0% used [0x00000000f7580000,0x00000000f7580000,0x00000000f8700000)
 ParOldGen       total 349696K, used 349695K [0x00000000e0000000, 0x00000000f5580000, 0x00000000f5580000)
  object space 349696K, 99% used [0x00000000e0000000,0x00000000f557fe20,0x00000000f5580000)
 Metaspace       used 53934K, committed 54720K, reserved 1105920K
  class space    used 5048K, committed 5376K, reserved 1048576K
}
Event: 541.215 GC heap before
{Heap before GC invocations=439 (full 320):
 PSYoungGen      total 31744K, used 20999K [0x00000000f5580000, 0x00000000f8700000, 0x0000000100000000)
  eden space 13824K, 100% used [0x00000000f5580000,0x00000000f6300000,0x00000000f6300000)
  from space 17920K, 40% used [0x00000000f6300000,0x00000000f6a01dd0,0x00000000f7480000)
  to   space 17920K, 0% used [0x00000000f7580000,0x00000000f7580000,0x00000000f8700000)
 ParOldGen       total 349696K, used 349695K [0x00000000e0000000, 0x00000000f5580000, 0x00000000f5580000)
  object space 349696K, 99% used [0x00000000e0000000,0x00000000f557fe20,0x00000000f5580000)
 Metaspace       used 53934K, committed 54720K, reserved 1105920K
  class space    used 5048K, committed 5376K, reserved 1048576K
}
Event: 542.507 GC heap after
{Heap after GC invocations=439 (full 320):
 PSYoungGen      total 31744K, used 20999K [0x00000000f5580000, 0x00000000f8700000, 0x0000000100000000)
  eden space 13824K, 99% used [0x00000000f5580000,0x00000000f62fff98,0x00000000f6300000)
  from space 17920K, 40% used [0x00000000f6300000,0x00000000f6a01dd0,0x00000000f7480000)
  to   space 17920K, 0% used [0x00000000f7580000,0x00000000f7580000,0x00000000f8700000)
 ParOldGen       total 349696K, used 349695K [0x00000000e0000000, 0x00000000f5580000, 0x00000000f5580000)
  object space 349696K, 99% used [0x00000000e0000000,0x00000000f557fe00,0x00000000f5580000)
 Metaspace       used 53934K, committed 54720K, reserved 1105920K
  class space    used 5048K, committed 5376K, reserved 1048576K
}
Event: 542.508 GC heap before
{Heap before GC invocations=440 (full 321):
 PSYoungGen      total 31744K, used 20999K [0x00000000f5580000, 0x00000000f8700000, 0x0000000100000000)
  eden space 13824K, 100% used [0x00000000f5580000,0x00000000f6300000,0x00000000f6300000)
  from space 17920K, 40% used [0x00000000f6300000,0x00000000f6a01dd0,0x00000000f7480000)
  to   space 17920K, 0% used [0x00000000f7580000,0x00000000f7580000,0x00000000f8700000)
 ParOldGen       total 349696K, used 349695K [0x00000000e0000000, 0x00000000f5580000, 0x00000000f5580000)
  object space 349696K, 99% used [0x00000000e0000000,0x00000000f557fe00,0x00000000f5580000)
 Metaspace       used 53934K, committed 54720K, reserved 1105920K
  class space    used 5048K, committed 5376K, reserved 1048576K
}
Event: 543.926 GC heap after
{Heap after GC invocations=440 (full 321):
 PSYoungGen      total 31744K, used 20999K [0x00000000f5580000, 0x00000000f8700000, 0x0000000100000000)
  eden space 13824K, 99% used [0x00000000f5580000,0x00000000f62fff98,0x00000000f6300000)
  from space 17920K, 40% used [0x00000000f6300000,0x00000000f6a01dd0,0x00000000f7480000)
  to   space 17920K, 0% used [0x00000000f7580000,0x00000000f7580000,0x00000000f8700000)
 ParOldGen       total 349696K, used 349695K [0x00000000e0000000, 0x00000000f5580000, 0x00000000f5580000)
  object space 349696K, 99% used [0x00000000e0000000,0x00000000f557fe00,0x00000000f5580000)
 Metaspace       used 53934K, committed 54720K, reserved 1105920K
  class space    used 5048K, committed 5376K, reserved 1048576K
}
Event: 543.926 GC heap before
{Heap before GC invocations=441 (full 322):
 PSYoungGen      total 31744K, used 20999K [0x00000000f5580000, 0x00000000f8700000, 0x0000000100000000)
  eden space 13824K, 99% used [0x00000000f5580000,0x00000000f62ffff8,0x00000000f6300000)
  from space 17920K, 40% used [0x00000000f6300000,0x00000000f6a01dd0,0x00000000f7480000)
  to   space 17920K, 0% used [0x00000000f7580000,0x00000000f7580000,0x00000000f8700000)
 ParOldGen       total 349696K, used 349695K [0x00000000e0000000, 0x00000000f5580000, 0x00000000f5580000)
  object space 349696K, 99% used [0x00000000e0000000,0x00000000f557fe00,0x00000000f5580000)
 Metaspace       used 53934K, committed 54720K, reserved 1105920K
  class space    used 5048K, committed 5376K, reserved 1048576K
}
Event: 545.197 GC heap after
{Heap after GC invocations=441 (full 322):
 PSYoungGen      total 31744K, used 20999K [0x00000000f5580000, 0x00000000f8700000, 0x0000000100000000)
  eden space 13824K, 99% used [0x00000000f5580000,0x00000000f62ffff8,0x00000000f6300000)
  from space 17920K, 40% used [0x00000000f6300000,0x00000000f6a01dd0,0x00000000f7480000)
  to   space 17920K, 0% used [0x00000000f7580000,0x00000000f7580000,0x00000000f8700000)
 ParOldGen       total 349696K, used 349695K [0x00000000e0000000, 0x00000000f5580000, 0x00000000f5580000)
  object space 349696K, 99% used [0x00000000e0000000,0x00000000f557fe00,0x00000000f5580000)
 Metaspace       used 53934K, committed 54720K, reserved 1105920K
  class space    used 5048K, committed 5376K, reserved 1048576K
}
Event: 545.197 GC heap before
{Heap before GC invocations=442 (full 323):
 PSYoungGen      total 31744K, used 20999K [0x00000000f5580000, 0x00000000f8700000, 0x0000000100000000)
  eden space 13824K, 99% used [0x00000000f5580000,0x00000000f62ffff8,0x00000000f6300000)
  from space 17920K, 40% used [0x00000000f6300000,0x00000000f6a01dd0,0x00000000f7480000)
  to   space 17920K, 0% used [0x00000000f7580000,0x00000000f7580000,0x00000000f8700000)
 ParOldGen       total 349696K, used 349695K [0x00000000e0000000, 0x00000000f5580000, 0x00000000f5580000)
  object space 349696K, 99% used [0x00000000e0000000,0x00000000f557fff0,0x00000000f5580000)
 Metaspace       used 53934K, committed 54720K, reserved 1105920K
  class space    used 5048K, committed 5376K, reserved 1048576K
}
Event: 546.588 GC heap after
{Heap after GC invocations=442 (full 323):
 PSYoungGen      total 31744K, used 20999K [0x00000000f5580000, 0x00000000f8700000, 0x0000000100000000)
  eden space 13824K, 99% used [0x00000000f5580000,0x00000000f62fffc0,0x00000000f6300000)
  from space 17920K, 40% used [0x00000000f6300000,0x00000000f6a01dd0,0x00000000f7480000)
  to   space 17920K, 0% used [0x00000000f7580000,0x00000000f7580000,0x00000000f8700000)
 ParOldGen       total 349696K, used 349695K [0x00000000e0000000, 0x00000000f5580000, 0x00000000f5580000)
  object space 349696K, 99% used [0x00000000e0000000,0x00000000f557fe88,0x00000000f5580000)
 Metaspace       used 53934K, committed 54720K, reserved 1105920K
  class space    used 5048K, committed 5376K, reserved 1048576K
}
Event: 546.593 GC heap before
{Heap before GC invocations=443 (full 324):
 PSYoungGen      total 31744K, used 20999K [0x00000000f5580000, 0x00000000f8700000, 0x0000000100000000)
  eden space 13824K, 99% used [0x00000000f5580000,0x00000000f62ffff8,0x00000000f6300000)
  from space 17920K, 40% used [0x00000000f6300000,0x00000000f6a01dd0,0x00000000f7480000)
  to   space 17920K, 0% used [0x00000000f7580000,0x00000000f7580000,0x00000000f8700000)
 ParOldGen       total 349696K, used 349695K [0x00000000e0000000, 0x00000000f5580000, 0x00000000f5580000)
  object space 349696K, 99% used [0x00000000e0000000,0x00000000f557fe88,0x00000000f5580000)
 Metaspace       used 53934K, committed 54720K, reserved 1105920K
  class space    used 5048K, committed 5376K, reserved 1048576K
}
Event: 547.827 GC heap after
{Heap after GC invocations=443 (full 324):
 PSYoungGen      total 31744K, used 20999K [0x00000000f5580000, 0x00000000f8700000, 0x0000000100000000)
  eden space 13824K, 99% used [0x00000000f5580000,0x00000000f62ffff8,0x00000000f6300000)
  from space 17920K, 40% used [0x00000000f6300000,0x00000000f6a01dd0,0x00000000f7480000)
  to   space 17920K, 0% used [0x00000000f7580000,0x00000000f7580000,0x00000000f8700000)
 ParOldGen       total 349696K, used 349695K [0x00000000e0000000, 0x00000000f5580000, 0x00000000f5580000)
  object space 349696K, 99% used [0x00000000e0000000,0x00000000f557fe88,0x00000000f5580000)
 Metaspace       used 53934K, committed 54720K, reserved 1105920K
  class space    used 5048K, committed 5376K, reserved 1048576K
}
Event: 547.880 GC heap before
{Heap before GC invocations=444 (full 325):
 PSYoungGen      total 31744K, used 20999K [0x00000000f5580000, 0x00000000f8700000, 0x0000000100000000)
  eden space 13824K, 99% used [0x00000000f5580000,0x00000000f62ffff8,0x00000000f6300000)
  from space 17920K, 40% used [0x00000000f6300000,0x00000000f6a01dd0,0x00000000f7480000)
  to   space 17920K, 0% used [0x00000000f7580000,0x00000000f7580000,0x00000000f8700000)
 ParOldGen       total 349696K, used 349695K [0x00000000e0000000, 0x00000000f5580000, 0x00000000f5580000)
  object space 349696K, 99% used [0x00000000e0000000,0x00000000f557fff0,0x00000000f5580000)
 Metaspace       used 53934K, committed 54720K, reserved 1105920K
  class space    used 5048K, committed 5376K, reserved 1048576K
}
Event: 549.208 GC heap after
{Heap after GC invocations=444 (full 325):
 PSYoungGen      total 31744K, used 20999K [0x00000000f5580000, 0x00000000f8700000, 0x0000000100000000)
  eden space 13824K, 99% used [0x00000000f5580000,0x00000000f62fffc0,0x00000000f6300000)
  from space 17920K, 40% used [0x00000000f6300000,0x00000000f6a01dd0,0x00000000f7480000)
  to   space 17920K, 0% used [0x00000000f7580000,0x00000000f7580000,0x00000000f8700000)
 ParOldGen       total 349696K, used 349695K [0x00000000e0000000, 0x00000000f5580000, 0x00000000f5580000)
  object space 349696K, 99% used [0x00000000e0000000,0x00000000f557fe88,0x00000000f5580000)
 Metaspace       used 53934K, committed 54720K, reserved 1105920K
  class space    used 5048K, committed 5376K, reserved 1048576K
}
Event: 549.208 GC heap before
{Heap before GC invocations=445 (full 326):
 PSYoungGen      total 31744K, used 20999K [0x00000000f5580000, 0x00000000f8700000, 0x0000000100000000)
  eden space 13824K, 99% used [0x00000000f5580000,0x00000000f62ffff8,0x00000000f6300000)
  from space 17920K, 40% used [0x00000000f6300000,0x00000000f6a01dd0,0x00000000f7480000)
  to   space 17920K, 0% used [0x00000000f7580000,0x00000000f7580000,0x00000000f8700000)
 ParOldGen       total 349696K, used 349695K [0x00000000e0000000, 0x00000000f5580000, 0x00000000f5580000)
  object space 349696K, 99% used [0x00000000e0000000,0x00000000f557fe88,0x00000000f5580000)
 Metaspace       used 53934K, committed 54720K, reserved 1105920K
  class space    used 5048K, committed 5376K, reserved 1048576K
}
Event: 550.327 GC heap after
{Heap after GC invocations=445 (full 326):
 PSYoungGen      total 31744K, used 20999K [0x00000000f5580000, 0x00000000f8700000, 0x0000000100000000)
  eden space 13824K, 99% used [0x00000000f5580000,0x00000000f62ffff8,0x00000000f6300000)
  from space 17920K, 40% used [0x00000000f6300000,0x00000000f6a01dd0,0x00000000f7480000)
  to   space 17920K, 0% used [0x00000000f7580000,0x00000000f7580000,0x00000000f8700000)
 ParOldGen       total 349696K, used 349695K [0x00000000e0000000, 0x00000000f5580000, 0x00000000f5580000)
  object space 349696K, 99% used [0x00000000e0000000,0x00000000f557fe88,0x00000000f5580000)
 Metaspace       used 53934K, committed 54720K, reserved 1105920K
  class space    used 5048K, committed 5376K, reserved 1048576K
}
Event: 550.328 GC heap before
{Heap before GC invocations=446 (full 327):
 PSYoungGen      total 31744K, used 20999K [0x00000000f5580000, 0x00000000f8700000, 0x0000000100000000)
  eden space 13824K, 99% used [0x00000000f5580000,0x00000000f62ffff8,0x00000000f6300000)
  from space 17920K, 40% used [0x00000000f6300000,0x00000000f6a01dd0,0x00000000f7480000)
  to   space 17920K, 0% used [0x00000000f7580000,0x00000000f7580000,0x00000000f8700000)
 ParOldGen       total 349696K, used 349695K [0x00000000e0000000, 0x00000000f5580000, 0x00000000f5580000)
  object space 349696K, 99% used [0x00000000e0000000,0x00000000f557ff18,0x00000000f5580000)
 Metaspace       used 53934K, committed 54720K, reserved 1105920K
  class space    used 5048K, committed 5376K, reserved 1048576K
}
Event: 551.792 GC heap after
{Heap after GC invocations=446 (full 327):
 PSYoungGen      total 31744K, used 20999K [0x00000000f5580000, 0x00000000f8700000, 0x0000000100000000)
  eden space 13824K, 99% used [0x00000000f5580000,0x00000000f62fffc0,0x00000000f6300000)
  from space 17920K, 40% used [0x00000000f6300000,0x00000000f6a01dd0,0x00000000f7480000)
  to   space 17920K, 0% used [0x00000000f7580000,0x00000000f7580000,0x00000000f8700000)
 ParOldGen       total 349696K, used 349695K [0x00000000e0000000, 0x00000000f5580000, 0x00000000f5580000)
  object space 349696K, 99% used [0x00000000e0000000,0x00000000f557fee8,0x00000000f5580000)
 Metaspace       used 53934K, committed 54720K, reserved 1105920K
  class space    used 5048K, committed 5376K, reserved 1048576K
}
Event: 551.792 GC heap before
{Heap before GC invocations=447 (full 328):
 PSYoungGen      total 31744K, used 20999K [0x00000000f5580000, 0x00000000f8700000, 0x0000000100000000)
  eden space 13824K, 99% used [0x00000000f5580000,0x00000000f62fffc0,0x00000000f6300000)
  from space 17920K, 40% used [0x00000000f6300000,0x00000000f6a01dd0,0x00000000f7480000)
  to   space 17920K, 0% used [0x00000000f7580000,0x00000000f7580000,0x00000000f8700000)
 ParOldGen       total 349696K, used 349695K [0x00000000e0000000, 0x00000000f5580000, 0x00000000f5580000)
  object space 349696K, 99% used [0x00000000e0000000,0x00000000f557fee8,0x00000000f5580000)
 Metaspace       used 53934K, committed 54720K, reserved 1105920K
  class space    used 5048K, committed 5376K, reserved 1048576K
}
Event: 553.108 GC heap after
{Heap after GC invocations=447 (full 328):
 PSYoungGen      total 31744K, used 20999K [0x00000000f5580000, 0x00000000f8700000, 0x0000000100000000)
  eden space 13824K, 99% used [0x00000000f5580000,0x00000000f62fffc0,0x00000000f6300000)
  from space 17920K, 40% used [0x00000000f6300000,0x00000000f6a01dd0,0x00000000f7480000)
  to   space 17920K, 0% used [0x00000000f7580000,0x00000000f7580000,0x00000000f8700000)
 ParOldGen       total 349696K, used 349695K [0x00000000e0000000, 0x00000000f5580000, 0x00000000f5580000)
  object space 349696K, 99% used [0x00000000e0000000,0x00000000f557fee8,0x00000000f5580000)
 Metaspace       used 53934K, committed 54720K, reserved 1105920K
  class space    used 5048K, committed 5376K, reserved 1048576K
}

